2022-01-21 11:06:35.515 +01:00 [INF] Please setup your database in order to have the RabbitMq messaging backup feature
2022-01-21 11:06:36.253 +01:00 [INF] Please setup your database in order to have the RabbitMq messaging backup feature
2022-01-21 11:06:40.933 +01:00 [DBG] Hosting starting
2022-01-21 11:06:41.018 +01:00 [INF] User profile is available. Using 'C:\Users\pcorcole\AppData\Local\ASP.NET\DataProtection-Keys' as key repository and Windows DPAPI to encrypt keys at rest.
2022-01-21 11:06:41.133 +01:00 [DBG] Reading data from file 'C:\Users\pcorcole\AppData\Local\ASP.NET\DataProtection-Keys\key-c93590a7-276a-46c4-944b-5f52827e7254.xml'.
2022-01-21 11:06:41.173 +01:00 [DBG] Found key {c93590a7-276a-46c4-944b-5f52827e7254}.
2022-01-21 11:06:41.186 +01:00 [DBG] Considering key {c93590a7-276a-46c4-944b-5f52827e7254} with expiration date 2022-04-18 08:11:44Z as default key.
2022-01-21 11:06:41.197 +01:00 [DBG] Forwarded activator type request from Microsoft.AspNetCore.DataProtection.XmlEncryption.DpapiXmlDecryptor, Microsoft.AspNetCore.DataProtection, Version=3.1.22.0, Culture=neutral, PublicKeyToken=adb9793829ddae60 to Microsoft.AspNetCore.DataProtection.XmlEncryption.DpapiXmlDecryptor, Microsoft.AspNetCore.DataProtection, Culture=neutral, PublicKeyToken=adb9793829ddae60
2022-01-21 11:06:41.208 +01:00 [DBG] Decrypting secret element using Windows DPAPI.
2022-01-21 11:06:41.210 +01:00 [DBG] Forwarded activator type request from Microsoft.AspNetCore.DataProtection.AuthenticatedEncryption.ConfigurationModel.AuthenticatedEncryptorDescriptorDeserializer, Microsoft.AspNetCore.DataProtection, Version=3.1.22.0, Culture=neutral, PublicKeyToken=adb9793829ddae60 to Microsoft.AspNetCore.DataProtection.AuthenticatedEncryption.ConfigurationModel.AuthenticatedEncryptorDescriptorDeserializer, Microsoft.AspNetCore.DataProtection, Culture=neutral, PublicKeyToken=adb9793829ddae60
2022-01-21 11:06:41.215 +01:00 [DBG] Opening CNG algorithm 'AES' from provider 'null' with chaining mode CBC.
2022-01-21 11:06:41.226 +01:00 [DBG] Opening CNG algorithm 'SHA256' from provider 'null' with HMAC.
2022-01-21 11:06:41.232 +01:00 [DBG] Using key {c93590a7-276a-46c4-944b-5f52827e7254} as the default key.
2022-01-21 11:06:41.235 +01:00 [DBG] Key ring with default key {c93590a7-276a-46c4-944b-5f52827e7254} was loaded during application startup.
2022-01-21 11:06:41.341 +01:00 [DBG] Registered model binder providers, in the following order: ["Microsoft.AspNetCore.Mvc.ModelBinding.Binders.BinderTypeModelBinderProvider","Microsoft.AspNetCore.Mvc.ModelBinding.Binders.ServicesModelBinderProvider","Microsoft.AspNetCore.Mvc.ModelBinding.Binders.BodyModelBinderProvider","Microsoft.AspNetCore.Mvc.ModelBinding.Binders.HeaderModelBinderProvider","Microsoft.AspNetCore.Mvc.ModelBinding.Binders.FloatingPointTypeModelBinderProvider","Microsoft.AspNetCore.Mvc.ModelBinding.Binders.EnumTypeModelBinderProvider","Microsoft.AspNetCore.Mvc.ModelBinding.Binders.SimpleTypeModelBinderProvider","Microsoft.AspNetCore.Mvc.ModelBinding.Binders.CancellationTokenModelBinderProvider","Microsoft.AspNetCore.Mvc.ModelBinding.Binders.ByteArrayModelBinderProvider","Microsoft.AspNetCore.Mvc.ModelBinding.Binders.FormFileModelBinderProvider","Microsoft.AspNetCore.Mvc.ModelBinding.Binders.FormCollectionModelBinderProvider","Microsoft.AspNetCore.Mvc.ModelBinding.Binders.KeyValuePairModelBinderProvider","Microsoft.AspNetCore.Mvc.ModelBinding.Binders.DictionaryModelBinderProvider","Microsoft.AspNetCore.Mvc.ModelBinding.Binders.ArrayModelBinderProvider","Microsoft.AspNetCore.Mvc.ModelBinding.Binders.CollectionModelBinderProvider","Microsoft.AspNetCore.Mvc.ModelBinding.Binders.ComplexTypeModelBinderProvider"]
2022-01-21 11:06:41.382 +01:00 [DBG] Initializing Razor view compiler with no compiled views.
2022-01-21 11:06:41.428 +01:00 [DBG] Failed to locate the development https certificate at 'null'.
2022-01-21 11:06:41.434 +01:00 [WRN] Overriding address(es) 'https://localhost:8085'. Binding to endpoints defined in UseKestrel() instead.
2022-01-21 11:06:41.462 +01:00 [INF] Now listening on: https://0.0.0.0:8085
2022-01-21 11:06:41.464 +01:00 [DBG] Loaded hosting startup assembly Devon4Net.Application.WebAPI
2022-01-21 11:06:41.466 +01:00 [INF] Application started. Press Ctrl+C to shut down.
2022-01-21 11:06:41.467 +01:00 [INF] Hosting environment: Development
2022-01-21 11:06:41.468 +01:00 [INF] Content root path: C:\Users\pcorcole\OneDrive - Capgemini\Desktop\Example\devon4net-net3.1\devon4net-net3.1\source\Templates\WebAPI\Devon4Net.Application.WebAPI
2022-01-21 11:06:41.470 +01:00 [DBG] Hosting started
2022-01-21 11:06:41.855 +01:00 [DBG] Connection id "0HMESOMSEFPG6" accepted.
2022-01-21 11:06:41.861 +01:00 [DBG] Connection id "0HMESOMSEFPG6" started.
2022-01-21 11:06:41.864 +01:00 [DBG] Connection id "0HMESOMSEFPG6" received FIN.
2022-01-21 11:06:41.897 +01:00 [DBG] Failed to authenticate HTTPS connection.
System.IO.IOException: Authentication failed because the remote party has closed the transport stream.
   at System.Net.Security.SslStream.StartReadFrame(Byte[] buffer, Int32 readBytes, AsyncProtocolRequest asyncRequest)
   at System.Net.Security.SslStream.StartReceiveBlob(Byte[] buffer, AsyncProtocolRequest asyncRequest)
   at System.Net.Security.SslStream.ForceAuthentication(Boolean receiveFirst, Byte[] buffer, AsyncProtocolRequest asyncRequest)
   at System.Net.Security.SslStream.ProcessAuthentication(LazyAsyncResult lazyResult, CancellationToken cancellationToken)
   at System.Net.Security.SslStream.BeginAuthenticateAsServer(SslServerAuthenticationOptions sslServerAuthenticationOptions, CancellationToken cancellationToken, AsyncCallback asyncCallback, Object asyncState)
   at System.Net.Security.SslStream.<>c.<AuthenticateAsServerAsync>b__69_0(SslServerAuthenticationOptions arg1, CancellationToken arg2, AsyncCallback callback, Object state)
   at System.Threading.Tasks.TaskFactory`1.FromAsyncImpl[TArg1,TArg2](Func`5 beginMethod, Func`2 endFunction, Action`1 endAction, TArg1 arg1, TArg2 arg2, Object state, TaskCreationOptions creationOptions)
   at System.Threading.Tasks.TaskFactory.FromAsync[TArg1,TArg2](Func`5 beginMethod, Action`1 endMethod, TArg1 arg1, TArg2 arg2, Object state, TaskCreationOptions creationOptions)
   at System.Threading.Tasks.TaskFactory.FromAsync[TArg1,TArg2](Func`5 beginMethod, Action`1 endMethod, TArg1 arg1, TArg2 arg2, Object state)
   at System.Net.Security.SslStream.AuthenticateAsServerAsync(SslServerAuthenticationOptions sslServerAuthenticationOptions, CancellationToken cancellationToken)
   at Microsoft.AspNetCore.Server.Kestrel.Https.Internal.HttpsConnectionMiddleware.InnerOnConnectionAsync(ConnectionContext context)
2022-01-21 11:06:41.994 +01:00 [DBG] Connection id "0HMESOMSEFPG6" stopped.
2022-01-21 11:06:41.999 +01:00 [DBG] Connection id "0HMESOMSEFPG6" sending FIN because: "The Socket transport's send loop completed gracefully."
2022-01-21 11:06:43.193 +01:00 [DBG] Connection id "0HMESOMSEFPG7" accepted.
2022-01-21 11:06:43.196 +01:00 [DBG] Connection id "0HMESOMSEFPG7" started.
2022-01-21 11:06:43.315 +01:00 [DBG] Connection id "0HMESOMSEFPG7" received FIN.
2022-01-21 11:06:43.321 +01:00 [DBG] Failed to authenticate HTTPS connection.
System.Security.Authentication.AuthenticationException: Authentication failed, see inner exception.
 ---> System.ComponentModel.Win32Exception (0x80090327): An unknown error occurred while processing the certificate.
   --- End of inner exception stack trace ---
   at System.Net.Security.SslStream.StartSendAuthResetSignal(ProtocolToken message, AsyncProtocolRequest asyncRequest, ExceptionDispatchInfo exception)
   at System.Net.Security.SslStream.CheckCompletionBeforeNextReceive(ProtocolToken message, AsyncProtocolRequest asyncRequest)
   at System.Net.Security.SslStream.StartSendBlob(Byte[] incoming, Int32 count, AsyncProtocolRequest asyncRequest)
   at System.Net.Security.SslStream.ProcessReceivedBlob(Byte[] buffer, Int32 count, AsyncProtocolRequest asyncRequest)
   at System.Net.Security.SslStream.StartReadFrame(Byte[] buffer, Int32 readBytes, AsyncProtocolRequest asyncRequest)
   at System.Net.Security.SslStream.PartialFrameCallback(AsyncProtocolRequest asyncRequest)
--- End of stack trace from previous location where exception was thrown ---
   at System.Net.Security.SslStream.ThrowIfExceptional()
   at System.Net.Security.SslStream.InternalEndProcessAuthentication(LazyAsyncResult lazyResult)
   at System.Net.Security.SslStream.EndProcessAuthentication(IAsyncResult result)
   at System.Net.Security.SslStream.EndAuthenticateAsServer(IAsyncResult asyncResult)
   at System.Net.Security.SslStream.<>c.<AuthenticateAsServerAsync>b__69_1(IAsyncResult iar)
   at System.Threading.Tasks.TaskFactory`1.FromAsyncCoreLogic(IAsyncResult iar, Func`2 endFunction, Action`1 endAction, Task`1 promise, Boolean requiresSynchronization)
--- End of stack trace from previous location where exception was thrown ---
   at Microsoft.AspNetCore.Server.Kestrel.Https.Internal.HttpsConnectionMiddleware.InnerOnConnectionAsync(ConnectionContext context)
2022-01-21 11:06:43.372 +01:00 [DBG] Connection id "0HMESOMSEFPG7" stopped.
2022-01-21 11:06:43.374 +01:00 [DBG] Connection id "0HMESOMSEFPG7" sending FIN because: "The Socket transport's send loop completed gracefully."
2022-01-21 11:06:43.444 +01:00 [DBG] Connection id "0HMESOMSEFPG8" accepted.
2022-01-21 11:06:43.445 +01:00 [DBG] Connection id "0HMESOMSEFPG8" started.
2022-01-21 11:06:43.448 +01:00 [DBG] Connection id "0HMESOMSEFPG8" received FIN.
2022-01-21 11:06:43.449 +01:00 [DBG] Failed to authenticate HTTPS connection.
System.Security.Authentication.AuthenticationException: Authentication failed, see inner exception.
 ---> System.ComponentModel.Win32Exception (0x80090327): An unknown error occurred while processing the certificate.
   --- End of inner exception stack trace ---
   at System.Net.Security.SslStream.StartSendAuthResetSignal(ProtocolToken message, AsyncProtocolRequest asyncRequest, ExceptionDispatchInfo exception)
   at System.Net.Security.SslStream.CheckCompletionBeforeNextReceive(ProtocolToken message, AsyncProtocolRequest asyncRequest)
   at System.Net.Security.SslStream.StartSendBlob(Byte[] incoming, Int32 count, AsyncProtocolRequest asyncRequest)
   at System.Net.Security.SslStream.ProcessReceivedBlob(Byte[] buffer, Int32 count, AsyncProtocolRequest asyncRequest)
   at System.Net.Security.SslStream.StartReadFrame(Byte[] buffer, Int32 readBytes, AsyncProtocolRequest asyncRequest)
   at System.Net.Security.SslStream.PartialFrameCallback(AsyncProtocolRequest asyncRequest)
--- End of stack trace from previous location where exception was thrown ---
   at System.Net.Security.SslStream.ThrowIfExceptional()
   at System.Net.Security.SslStream.InternalEndProcessAuthentication(LazyAsyncResult lazyResult)
   at System.Net.Security.SslStream.EndProcessAuthentication(IAsyncResult result)
   at System.Net.Security.SslStream.EndAuthenticateAsServer(IAsyncResult asyncResult)
   at System.Net.Security.SslStream.<>c.<AuthenticateAsServerAsync>b__69_1(IAsyncResult iar)
   at System.Threading.Tasks.TaskFactory`1.FromAsyncCoreLogic(IAsyncResult iar, Func`2 endFunction, Action`1 endAction, Task`1 promise, Boolean requiresSynchronization)
--- End of stack trace from previous location where exception was thrown ---
   at Microsoft.AspNetCore.Server.Kestrel.Https.Internal.HttpsConnectionMiddleware.InnerOnConnectionAsync(ConnectionContext context)
2022-01-21 11:06:43.487 +01:00 [DBG] Connection id "0HMESOMSEFPG8" stopped.
2022-01-21 11:06:43.494 +01:00 [DBG] Connection id "0HMESOMSEFPG8" sending FIN because: "The Socket transport's send loop completed gracefully."
2022-01-21 11:06:43.623 +01:00 [DBG] Connection id "0HMESOMSEFPG9" accepted.
2022-01-21 11:06:43.628 +01:00 [DBG] Connection id "0HMESOMSEFPG9" started.
2022-01-21 11:06:43.718 +01:00 [INF] Request starting HTTP/2 GET https://localhost:8085/swagger/index.html  
2022-01-21 11:06:43.724 +01:00 [DBG] Wildcard detected, all requests with hosts will be allowed.
2022-01-21 11:06:43.727 +01:00 [DBG] The host 'localhost' is excluded. Skipping HSTS header.
2022-01-21 11:06:43.739 +01:00 [DBG] The request path /swagger/index.html does not match an existing file
2022-01-21 11:06:43.761 +01:00 [DBG] AcceptLanguageHeaderRequestCultureProvider returned the following unsupported cultures '["en-US","en"]'.
2022-01-21 11:06:43.765 +01:00 [DBG] Connection id "0HMESOMSEFPGA" accepted.
2022-01-21 11:06:43.771 +01:00 [DBG] Connection id "0HMESOMSEFPGA" started.
2022-01-21 11:06:43.895 +01:00 [INF] Request finished in 177.2555ms 200 text/html;charset=utf-8
2022-01-21 11:06:43.972 +01:00 [INF] Request starting HTTP/2 GET https://localhost:8085/swagger/swagger-ui.css  
2022-01-21 11:06:43.972 +01:00 [INF] Request starting HTTP/2 GET https://localhost:8085/swagger/swagger-ui-standalone-preset.js  
2022-01-21 11:06:43.972 +01:00 [INF] Request starting HTTP/2 GET https://localhost:8085/swagger/swagger-ui-bundle.js  
2022-01-21 11:06:43.975 +01:00 [DBG] The host 'localhost' is excluded. Skipping HSTS header.
2022-01-21 11:06:43.976 +01:00 [DBG] The host 'localhost' is excluded. Skipping HSTS header.
2022-01-21 11:06:43.979 +01:00 [DBG] The host 'localhost' is excluded. Skipping HSTS header.
2022-01-21 11:06:43.981 +01:00 [DBG] The request path /swagger/swagger-ui.css does not match an existing file
2022-01-21 11:06:43.983 +01:00 [DBG] The request path /swagger/swagger-ui-standalone-preset.js does not match an existing file
2022-01-21 11:06:43.987 +01:00 [DBG] The request path /swagger/swagger-ui-bundle.js does not match an existing file
2022-01-21 11:06:43.990 +01:00 [DBG] AcceptLanguageHeaderRequestCultureProvider returned the following unsupported cultures '["en-US","en"]'.
2022-01-21 11:06:43.993 +01:00 [DBG] AcceptLanguageHeaderRequestCultureProvider returned the following unsupported cultures '["en-US","en"]'.
2022-01-21 11:06:43.996 +01:00 [DBG] AcceptLanguageHeaderRequestCultureProvider returned the following unsupported cultures '["en-US","en"]'.
2022-01-21 11:06:44.173 +01:00 [INF] Sending file. Request path: '/swagger-ui.css'. Physical path: 'N/A'
2022-01-21 11:06:44.183 +01:00 [INF] Sending file. Request path: '/swagger-ui-standalone-preset.js'. Physical path: 'N/A'
2022-01-21 11:06:44.195 +01:00 [INF] Request finished in 221.8207ms 200 application/javascript
2022-01-21 11:06:44.195 +01:00 [INF] Request finished in 222.6404ms 200 text/css
2022-01-21 11:06:44.236 +01:00 [INF] Sending file. Request path: '/swagger-ui-bundle.js'. Physical path: 'N/A'
2022-01-21 11:06:44.237 +01:00 [INF] Request finished in 264.8757ms 200 application/javascript
2022-01-21 11:06:44.468 +01:00 [INF] Request starting HTTP/2 GET https://localhost:8085/swagger/v1/swagger.json  
2022-01-21 11:06:44.470 +01:00 [DBG] The host 'localhost' is excluded. Skipping HSTS header.
2022-01-21 11:06:44.471 +01:00 [DBG] The request path /swagger/v1/swagger.json does not match an existing file
2022-01-21 11:06:44.472 +01:00 [DBG] AcceptLanguageHeaderRequestCultureProvider returned the following unsupported cultures '["en-US","en"]'.
2022-01-21 11:06:46.249 +01:00 [DBG] Connection id "0HMESOMSEFPGA" received FIN.
2022-01-21 11:06:46.349 +01:00 [DBG] Connection id "0HMESOMSEFPGA" is closed. The last processed stream ID was 0.
2022-01-21 11:06:46.385 +01:00 [DBG] Connection id "0HMESOMSEFPGA" sending FIN because: "The client closed the connection."
2022-01-21 11:06:46.404 +01:00 [DBG] Connection id "0HMESOMSEFPGA" stopped.
2022-01-21 11:06:46.790 +01:00 [INF] Request finished in 2322.7018ms 200 application/json;charset=utf-8
2022-01-21 11:06:51.100 +01:00 [DBG] Connection id "0HMESOMSEFPG9" received FIN.
2022-01-21 11:06:51.109 +01:00 [DBG] Connection id "0HMESOMSEFPG9" is closed. The last processed stream ID was 9.
2022-01-21 11:06:51.118 +01:00 [DBG] Connection id "0HMESOMSEFPG9" sending FIN because: "The client closed the connection."
2022-01-21 11:06:51.131 +01:00 [DBG] Connection id "0HMESOMSEFPG9" stopped.
2022-01-21 11:06:57.128 +01:00 [DBG] Connection id "0HMESOMSEFPGB" accepted.
2022-01-21 11:06:57.136 +01:00 [DBG] Connection id "0HMESOMSEFPGB" started.
2022-01-21 11:06:57.143 +01:00 [DBG] Connection id "0HMESOMSEFPGB" received FIN.
2022-01-21 11:06:57.144 +01:00 [DBG] Failed to authenticate HTTPS connection.
System.Security.Authentication.AuthenticationException: Authentication failed, see inner exception.
 ---> System.ComponentModel.Win32Exception (0x80090327): An unknown error occurred while processing the certificate.
   --- End of inner exception stack trace ---
   at System.Net.Security.SslStream.StartSendAuthResetSignal(ProtocolToken message, AsyncProtocolRequest asyncRequest, ExceptionDispatchInfo exception)
   at System.Net.Security.SslStream.CheckCompletionBeforeNextReceive(ProtocolToken message, AsyncProtocolRequest asyncRequest)
   at System.Net.Security.SslStream.StartSendBlob(Byte[] incoming, Int32 count, AsyncProtocolRequest asyncRequest)
   at System.Net.Security.SslStream.ProcessReceivedBlob(Byte[] buffer, Int32 count, AsyncProtocolRequest asyncRequest)
   at System.Net.Security.SslStream.StartReadFrame(Byte[] buffer, Int32 readBytes, AsyncProtocolRequest asyncRequest)
   at System.Net.Security.SslStream.PartialFrameCallback(AsyncProtocolRequest asyncRequest)
--- End of stack trace from previous location where exception was thrown ---
   at System.Net.Security.SslStream.ThrowIfExceptional()
   at System.Net.Security.SslStream.InternalEndProcessAuthentication(LazyAsyncResult lazyResult)
   at System.Net.Security.SslStream.EndProcessAuthentication(IAsyncResult result)
   at System.Net.Security.SslStream.EndAuthenticateAsServer(IAsyncResult asyncResult)
   at System.Net.Security.SslStream.<>c.<AuthenticateAsServerAsync>b__69_1(IAsyncResult iar)
   at System.Threading.Tasks.TaskFactory`1.FromAsyncCoreLogic(IAsyncResult iar, Func`2 endFunction, Action`1 endAction, Task`1 promise, Boolean requiresSynchronization)
--- End of stack trace from previous location where exception was thrown ---
   at Microsoft.AspNetCore.Server.Kestrel.Https.Internal.HttpsConnectionMiddleware.InnerOnConnectionAsync(ConnectionContext context)
2022-01-21 11:06:57.166 +01:00 [DBG] Connection id "0HMESOMSEFPGB" stopped.
2022-01-21 11:06:57.167 +01:00 [DBG] Connection id "0HMESOMSEFPGB" sending FIN because: "The Socket transport's send loop completed gracefully."
2022-01-21 11:06:57.369 +01:00 [DBG] Connection id "0HMESOMSEFPGC" accepted.
2022-01-21 11:06:57.373 +01:00 [DBG] Connection id "0HMESOMSEFPGC" started.
2022-01-21 11:06:57.379 +01:00 [DBG] Connection id "0HMESOMSEFPGC" received FIN.
2022-01-21 11:06:57.380 +01:00 [DBG] Failed to authenticate HTTPS connection.
System.Security.Authentication.AuthenticationException: Authentication failed, see inner exception.
 ---> System.ComponentModel.Win32Exception (0x80090327): An unknown error occurred while processing the certificate.
   --- End of inner exception stack trace ---
   at System.Net.Security.SslStream.StartSendAuthResetSignal(ProtocolToken message, AsyncProtocolRequest asyncRequest, ExceptionDispatchInfo exception)
   at System.Net.Security.SslStream.CheckCompletionBeforeNextReceive(ProtocolToken message, AsyncProtocolRequest asyncRequest)
   at System.Net.Security.SslStream.StartSendBlob(Byte[] incoming, Int32 count, AsyncProtocolRequest asyncRequest)
   at System.Net.Security.SslStream.ProcessReceivedBlob(Byte[] buffer, Int32 count, AsyncProtocolRequest asyncRequest)
   at System.Net.Security.SslStream.StartReadFrame(Byte[] buffer, Int32 readBytes, AsyncProtocolRequest asyncRequest)
   at System.Net.Security.SslStream.PartialFrameCallback(AsyncProtocolRequest asyncRequest)
--- End of stack trace from previous location where exception was thrown ---
   at System.Net.Security.SslStream.ThrowIfExceptional()
   at System.Net.Security.SslStream.InternalEndProcessAuthentication(LazyAsyncResult lazyResult)
   at System.Net.Security.SslStream.EndProcessAuthentication(IAsyncResult result)
   at System.Net.Security.SslStream.EndAuthenticateAsServer(IAsyncResult asyncResult)
   at System.Net.Security.SslStream.<>c.<AuthenticateAsServerAsync>b__69_1(IAsyncResult iar)
   at System.Threading.Tasks.TaskFactory`1.FromAsyncCoreLogic(IAsyncResult iar, Func`2 endFunction, Action`1 endAction, Task`1 promise, Boolean requiresSynchronization)
--- End of stack trace from previous location where exception was thrown ---
   at Microsoft.AspNetCore.Server.Kestrel.Https.Internal.HttpsConnectionMiddleware.InnerOnConnectionAsync(ConnectionContext context)
2022-01-21 11:06:57.409 +01:00 [DBG] Connection id "0HMESOMSEFPGC" stopped.
2022-01-21 11:06:57.412 +01:00 [DBG] Connection id "0HMESOMSEFPGC" sending FIN because: "The Socket transport's send loop completed gracefully."
2022-01-21 11:06:57.461 +01:00 [DBG] Connection id "0HMESOMSEFPGD" accepted.
2022-01-21 11:06:57.465 +01:00 [DBG] Connection id "0HMESOMSEFPGD" started.
2022-01-21 11:06:57.479 +01:00 [INF] Request starting HTTP/2 GET https://localhost:8085/Employer  
2022-01-21 11:06:57.481 +01:00 [DBG] The host 'localhost' is excluded. Skipping HSTS header.
2022-01-21 11:06:57.482 +01:00 [DBG] The request path /Employer does not match a supported file type
2022-01-21 11:06:57.486 +01:00 [DBG] AcceptLanguageHeaderRequestCultureProvider returned the following unsupported cultures '["en-US","en"]'.
2022-01-21 11:06:57.491 +01:00 [DBG] The request path  does not match the path filter
2022-01-21 11:06:57.510 +01:00 [DBG] No candidates found for the request path '/Employer'
2022-01-21 11:06:57.514 +01:00 [DBG] Request did not match any endpoints
2022-01-21 11:06:57.601 +01:00 [DBG] AuthenticationScheme: Bearer was not authenticated.
2022-01-21 11:06:57.632 +01:00 [DBG] Request successfully matched the route with name 'null' and template 'Employer'
2022-01-21 11:06:57.648 +01:00 [DBG] Action 'Devon4Net.WebAPI.Implementation.Business.EmployerManagement.Controllers.EmployerController.Create (Devon4Net.WebAPI.Implementation)' with id '9ded66ed-70ef-4d74-9341-dd76c2752de0' did not match the constraint 'Microsoft.AspNetCore.Mvc.Cors.CorsHttpMethodActionConstraint'
2022-01-21 11:06:57.652 +01:00 [DBG] Action 'Devon4Net.WebAPI.Implementation.Business.EmployerManagement.Controllers.EmployerController.Delete (Devon4Net.WebAPI.Implementation)' with id '162b1aa8-de71-4c7b-94e9-d0bc87be0b87' did not match the constraint 'Microsoft.AspNetCore.Mvc.Cors.CorsHttpMethodActionConstraint'
2022-01-21 11:06:57.656 +01:00 [DBG] Action 'Devon4Net.WebAPI.Implementation.Business.EmployerManagement.Controllers.EmployerController.ModifyEmployer (Devon4Net.WebAPI.Implementation)' with id '317fde41-b8b2-4df0-af58-b49389fee4f9' did not match the constraint 'Microsoft.AspNetCore.Mvc.Cors.CorsHttpMethodActionConstraint'
2022-01-21 11:06:57.693 +01:00 [DBG] Connection id "0HMESOMSEFPGE" accepted.
2022-01-21 11:06:57.696 +01:00 [DBG] Connection id "0HMESOMSEFPGE" started.
2022-01-21 11:06:57.697 +01:00 [INF] Route matched with {action = "GetEmployer", controller = "Employer"}. Executing controller action with signature System.Threading.Tasks.Task`1[Microsoft.AspNetCore.Mvc.ActionResult] GetEmployer() on controller Devon4Net.WebAPI.Implementation.Business.EmployerManagement.Controllers.EmployerController (Devon4Net.WebAPI.Implementation).
2022-01-21 11:06:57.701 +01:00 [DBG] Execution plan of authorization filters (in the following order): ["Microsoft.AspNetCore.Mvc.Cors.CorsAuthorizationFilter (Order: -2147483548)"]
2022-01-21 11:06:57.702 +01:00 [DBG] Execution plan of resource filters (in the following order): ["Microsoft.AspNetCore.Mvc.ViewFeatures.Filters.SaveTempDataFilter"]
2022-01-21 11:06:57.705 +01:00 [DBG] Execution plan of action filters (in the following order): ["Microsoft.AspNetCore.Mvc.ModelBinding.UnsupportedContentTypeFilter (Order: -3000)","Microsoft.AspNetCore.Mvc.Infrastructure.ModelStateInvalidFilter (Order: -2000)"]
2022-01-21 11:06:57.707 +01:00 [DBG] Execution plan of exception filters (in the following order): ["None"]
2022-01-21 11:06:57.711 +01:00 [DBG] Execution plan of result filters (in the following order): ["Microsoft.AspNetCore.Mvc.ViewFeatures.Filters.SaveTempDataFilter","Microsoft.AspNetCore.Mvc.Infrastructure.ClientErrorResultFilter (Order: -2000)"]
2022-01-21 11:06:57.717 +01:00 [DBG] Executing controller factory for controller Devon4Net.WebAPI.Implementation.Business.EmployerManagement.Controllers.EmployerController (Devon4Net.WebAPI.Implementation)
2022-01-21 11:06:57.877 +01:00 [DBG] An 'IServiceProvider' was created for internal use by Entity Framework.
2022-01-21 11:06:57.899 +01:00 [DBG] Executed controller factory for controller Devon4Net.WebAPI.Implementation.Business.EmployerManagement.Controllers.EmployerController (Devon4Net.WebAPI.Implementation)
2022-01-21 11:06:57.906 +01:00 [DBG] Executing GetEmployer from controller EmployerController
2022-01-21 11:06:57.910 +01:00 [DBG] GetEmployee method from service EmployerService
2022-01-21 11:06:57.913 +01:00 [DBG] GetTodo method from TodoRepository Employerservice
2022-01-21 11:06:58.379 +01:00 [INF] Entity Framework Core 3.1.10 initialized 'EmployerContext' using provider 'Npgsql.EntityFrameworkCore.PostgreSQL' with options: None
2022-01-21 11:06:58.513 +01:00 [DBG] queryContext => new QueryingEnumerable<Employer>(
    (RelationalQueryContext)queryContext, 
    RelationalCommandCache, 
    null, 
    ReaderColumn[] { ReaderColumn<long>, ReaderColumn<object>, }, 
    Func<QueryContext, DbDataReader, ResultContext, int[], ResultCoordinator, Employer>, 
    Devon4Net.WebAPI.Implementation.Domain.Database.EmployerContext, 
    null
)
2022-01-21 11:06:58.557 +01:00 [DBG] Creating DbCommand for 'ExecuteReader'.
2022-01-21 11:06:58.572 +01:00 [DBG] Created DbCommand for 'ExecuteReader' (16ms).
2022-01-21 11:06:58.579 +01:00 [DBG] Opening connection to database 'example' on server 'tcp://localhost:5432'.
2022-01-21 11:06:58.998 +01:00 [DBG] Opened connection to database 'example' on server 'tcp://localhost:5432'.
2022-01-21 11:06:59.010 +01:00 [DBG] Executing DbCommand [Parameters=[], CommandType='"Text"', CommandTimeout='30']
SELECT e."Id", e."Name"
FROM "Employer" AS e
2022-01-21 11:06:59.026 +01:00 [INF] Executed DbCommand (16ms) [Parameters=[], CommandType='"Text"', CommandTimeout='30']
SELECT e."Id", e."Name"
FROM "Employer" AS e
2022-01-21 11:06:59.056 +01:00 [DBG] A data reader was disposed.
2022-01-21 11:06:59.063 +01:00 [DBG] Closing connection to database 'example' on server 'tcp://localhost:5432'.
2022-01-21 11:06:59.069 +01:00 [DBG] Closed connection to database 'example' on server 'tcp://localhost:5432'.
2022-01-21 11:06:59.077 +01:00 [DBG] List of registered output formatters, in the following order: ["Microsoft.AspNetCore.Mvc.Formatters.HttpNoContentOutputFormatter","Microsoft.AspNetCore.Mvc.Formatters.StringOutputFormatter","Microsoft.AspNetCore.Mvc.Formatters.StreamOutputFormatter","Microsoft.AspNetCore.Mvc.Formatters.SystemTextJsonOutputFormatter"]
2022-01-21 11:06:59.085 +01:00 [DBG] Attempting to select an output formatter based on Accept header '["text/plain"]'.
2022-01-21 11:06:59.087 +01:00 [DBG] Could not find an output formatter based on content negotiation. Accepted types were (["text/plain"])
2022-01-21 11:06:59.090 +01:00 [DBG] Attempting to select an output formatter without using a content type as no explicit content types were specified for the response.
2022-01-21 11:06:59.092 +01:00 [DBG] Attempting to select the first formatter in the output formatters list which can write the result.
2022-01-21 11:06:59.093 +01:00 [DBG] Selected output formatter 'Microsoft.AspNetCore.Mvc.Formatters.SystemTextJsonOutputFormatter' and content type 'application/json' to write the response.
2022-01-21 11:06:59.095 +01:00 [INF] Executing ObjectResult, writing value of type 'System.Linq.Enumerable+SelectListIterator`2[[Devon4Net.WebAPI.Implementation.Domain.Entities.Employer, Devon4Net.WebAPI.Implementation, Version=3.1.5.0, Culture=neutral, PublicKeyToken=null],[Devon4Net.WebAPI.Implementation.Business.EmployerManagement.Dto.EmployerDto, Devon4Net.WebAPI.Implementation, Version=3.1.5.0, Culture=neutral, PublicKeyToken=null]]'.
2022-01-21 11:06:59.108 +01:00 [INF] Executed action Devon4Net.WebAPI.Implementation.Business.EmployerManagement.Controllers.EmployerController.GetEmployer (Devon4Net.WebAPI.Implementation) in 1389.4124ms
2022-01-21 11:06:59.115 +01:00 [DBG] 'EmployerContext' disposed.
2022-01-21 11:06:59.119 +01:00 [INF] Request finished in 1641.312ms 200 application/json; charset=utf-8
2022-01-21 11:07:04.322 +01:00 [INF] Application is shutting down...
2022-01-21 11:07:04.324 +01:00 [DBG] Hosting stopping
2022-01-21 11:07:04.332 +01:00 [DBG] Connection id "0HMESOMSEFPGE" is closing.
2022-01-21 11:07:04.332 +01:00 [DBG] Connection id "0HMESOMSEFPGD" is closing.
2022-01-21 11:07:04.335 +01:00 [DBG] Connection id "0HMESOMSEFPGE" is closed. The last processed stream ID was 0.
2022-01-21 11:07:04.336 +01:00 [DBG] Connection id "0HMESOMSEFPGD" is closed. The last processed stream ID was 1.
2022-01-21 11:07:04.340 +01:00 [DBG] Connection id "0HMESOMSEFPGE" stopped.
2022-01-21 11:07:04.342 +01:00 [DBG] Connection id "0HMESOMSEFPGE" sending FIN because: "The Socket transport's send loop completed gracefully."
2022-01-21 11:07:04.342 +01:00 [DBG] Connection id "0HMESOMSEFPGD" stopped.
2022-01-21 11:07:04.342 +01:00 [DBG] Connection id "0HMESOMSEFPGD" received FIN.
2022-01-21 11:07:04.345 +01:00 [DBG] Connection id "0HMESOMSEFPGD" sending FIN because: "The Socket transport's send loop completed gracefully."
2022-01-21 11:07:04.348 +01:00 [DBG] Hosting stopped
